{"numTotalTestSuites":61,"numPassedTestSuites":61,"numFailedTestSuites":0,"numPendingTestSuites":0,"numTotalTests":64,"numPassedTests":64,"numFailedTests":0,"numPendingTests":0,"numTodoTests":0,"snapshot":{"added":0,"failure":false,"filesAdded":0,"filesRemoved":0,"filesRemovedList":[],"filesUnmatched":0,"filesUpdated":0,"matched":0,"total":0,"unchecked":0,"uncheckedKeysByFile":[],"unmatched":0,"updated":0,"didUpdate":false},"startTime":1764603115916,"success":true,"testResults":[{"assertionResults":[{"ancestorTitles":["Self-Healing Metrics Pipeline","GET /api/self-healing/metrics"],"fullName":"Self-Healing Metrics Pipeline GET /api/self-healing/metrics should return self-healing metrics","status":"passed","title":"should return self-healing metrics","duration":4213.273913999999,"failureMessages":[],"meta":{}},{"ancestorTitles":["Self-Healing Metrics Pipeline","GET /api/self-healing/incidents"],"fullName":"Self-Healing Metrics Pipeline GET /api/self-healing/incidents should return incident list","status":"passed","title":"should return incident list","duration":12.343080999999984,"failureMessages":[],"meta":{}},{"ancestorTitles":["Self-Healing Metrics Pipeline","GET /api/provider-health"],"fullName":"Self-Healing Metrics Pipeline GET /api/provider-health should return provider health status","status":"passed","title":"should return provider health status","duration":8.09793400000035,"failureMessages":[],"meta":{}},{"ancestorTitles":["Anomaly Detection Pipeline","Detection Thresholds"],"fullName":"Anomaly Detection Pipeline Detection Thresholds should have detection thresholds configured","status":"passed","title":"should have detection thresholds configured","duration":8.350706000000173,"failureMessages":[],"meta":{}},{"ancestorTitles":["Anomaly Detection Pipeline","Anomaly History"],"fullName":"Anomaly Detection Pipeline Anomaly History should return anomaly detection history","status":"passed","title":"should return anomaly detection history","duration":7.98117000000002,"failureMessages":[],"meta":{}},{"ancestorTitles":["Auto-Remediation Pipeline","Remediation Actions"],"fullName":"Auto-Remediation Pipeline Remediation Actions should list available remediation actions","status":"passed","title":"should list available remediation actions","duration":85.94252300000062,"failureMessages":[],"meta":{}},{"ancestorTitles":["Auto-Remediation Pipeline","Remediation Execution"],"fullName":"Auto-Remediation Pipeline Remediation Execution should execute remediation for provider","status":"passed","title":"should execute remediation for provider","duration":17.950784999999996,"failureMessages":[],"meta":{}},{"ancestorTitles":["Auto-Remediation Pipeline","Rollback Safety"],"fullName":"Auto-Remediation Pipeline Rollback Safety should have rollback capability","status":"passed","title":"should have rollback capability","duration":7.446175000000039,"failureMessages":[],"meta":{}},{"ancestorTitles":["Incident Tracking Pipeline","POST /api/self-healing/incidents"],"fullName":"Incident Tracking Pipeline POST /api/self-healing/incidents should create new incident","status":"passed","title":"should create new incident","duration":11.279214999999567,"failureMessages":[],"meta":{}},{"ancestorTitles":["Incident Tracking Pipeline","Incident Resolution"],"fullName":"Incident Tracking Pipeline Incident Resolution should resolve incident","status":"passed","title":"should resolve incident","duration":9.110040000000481,"failureMessages":[],"meta":{}},{"ancestorTitles":["Incident Tracking Pipeline","Incident Classification"],"fullName":"Incident Tracking Pipeline Incident Classification should classify incidents by type","status":"passed","title":"should classify incidents by type","duration":9.71826400000009,"failureMessages":[],"meta":{}},{"ancestorTitles":["Incident Tracking Pipeline","Incident Classification"],"fullName":"Incident Tracking Pipeline Incident Classification should filter incidents by severity","status":"passed","title":"should filter incidents by severity","duration":10.848894999999175,"failureMessages":[],"meta":{}},{"ancestorTitles":["MTTD/MTTR Tracking Pipeline","MTTD Calculation"],"fullName":"MTTD/MTTR Tracking Pipeline MTTD Calculation should return mean time to detect metrics","status":"passed","title":"should return mean time to detect metrics","duration":8.222582999999759,"failureMessages":[],"meta":{}},{"ancestorTitles":["MTTD/MTTR Tracking Pipeline","MTTR Calculation"],"fullName":"MTTD/MTTR Tracking Pipeline MTTR Calculation should return mean time to resolve metrics","status":"passed","title":"should return mean time to resolve metrics","duration":7.706714999999349,"failureMessages":[],"meta":{}},{"ancestorTitles":["MTTD/MTTR Tracking Pipeline","SLA Tracking"],"fullName":"MTTD/MTTR Tracking Pipeline SLA Tracking should track SLA breaches","status":"passed","title":"should track SLA breaches","duration":8.027310000000398,"failureMessages":[],"meta":{}},{"ancestorTitles":["Provider Health Monitor Pipeline","Health Check Endpoint"],"fullName":"Provider Health Monitor Pipeline Health Check Endpoint should return comprehensive health status","status":"passed","title":"should return comprehensive health status","duration":119.36627299999964,"failureMessages":[],"meta":{}},{"ancestorTitles":["Provider Health Monitor Pipeline","Individual Provider Health"],"fullName":"Provider Health Monitor Pipeline Individual Provider Health should check Runway health","status":"passed","title":"should check Runway health","duration":6.0768269999998665,"failureMessages":[],"meta":{}},{"ancestorTitles":["Provider Health Monitor Pipeline","Rate Limit Detection"],"fullName":"Provider Health Monitor Pipeline Rate Limit Detection should detect rate limits","status":"passed","title":"should detect rate limits","duration":18.578230999999505,"failureMessages":[],"meta":{}},{"ancestorTitles":["Provider Health Monitor Pipeline","Provider Cooldown"],"fullName":"Provider Health Monitor Pipeline Provider Cooldown should handle provider cooldown","status":"passed","title":"should handle provider cooldown","duration":6.026911999999356,"failureMessages":[],"meta":{}},{"ancestorTitles":["Synthetic Monitoring Pipeline","Test Runner Integration"],"fullName":"Synthetic Monitoring Pipeline Test Runner Integration should run synthetic tests","status":"passed","title":"should run synthetic tests","duration":6888.856072,"failureMessages":[],"meta":{}},{"ancestorTitles":["Synthetic Monitoring Pipeline","Test Results Ingestion"],"fullName":"Synthetic Monitoring Pipeline Test Results Ingestion should return broken features","status":"passed","title":"should return broken features","duration":6.6543820000006235,"failureMessages":[],"meta":{}},{"ancestorTitles":["Synthetic Monitoring Pipeline","Feature Health"],"fullName":"Synthetic Monitoring Pipeline Feature Health should return feature health status","status":"passed","title":"should return feature health status","duration":4.725593999999546,"failureMessages":[],"meta":{}},{"ancestorTitles":["Failure Simulation Pipeline","Simulate Provider Failure"],"fullName":"Failure Simulation Pipeline Simulate Provider Failure should handle simulated failure","status":"passed","title":"should handle simulated failure","duration":8.208576999999423,"failureMessages":[],"meta":{}},{"ancestorTitles":["Failure Simulation Pipeline","Failover Testing"],"fullName":"Failure Simulation Pipeline Failover Testing should test failover mechanism","status":"passed","title":"should test failover mechanism","duration":14.087240000000747,"failureMessages":[],"meta":{}},{"ancestorTitles":["Error Pattern Learning Pipeline","Error Pattern History"],"fullName":"Error Pattern Learning Pipeline Error Pattern History should return error pattern history","status":"passed","title":"should return error pattern history","duration":9.907391999999163,"failureMessages":[],"meta":{}},{"ancestorTitles":["Error Pattern Learning Pipeline","Pattern Analysis"],"fullName":"Error Pattern Learning Pipeline Pattern Analysis should analyze error patterns","status":"passed","title":"should analyze error patterns","duration":15.95984800000042,"failureMessages":[],"meta":{}},{"ancestorTitles":["Dashboard Bridge Pipeline","Activity Logs"],"fullName":"Dashboard Bridge Pipeline Activity Logs should return activity logs","status":"passed","title":"should return activity logs","duration":45.45448600000054,"failureMessages":[],"meta":{}},{"ancestorTitles":["Dashboard Bridge Pipeline","Pipeline Status"],"fullName":"Dashboard Bridge Pipeline Pipeline Status should return pipeline status","status":"passed","title":"should return pipeline status","duration":82.89622899999995,"failureMessages":[],"meta":{}},{"ancestorTitles":["Alert Threshold Pipeline","Alert Creation and Configuration"],"fullName":"Alert Threshold Pipeline Alert Creation and Configuration should return alert thresholds configuration","status":"passed","title":"should return alert thresholds configuration","duration":42.774475000000166,"failureMessages":[],"meta":{}},{"ancestorTitles":["Alert Threshold Pipeline","Alert Creation and Configuration"],"fullName":"Alert Threshold Pipeline Alert Creation and Configuration should create a new alert","status":"passed","title":"should create a new alert","duration":2.6196820000004664,"failureMessages":[],"meta":{}},{"ancestorTitles":["Alert Threshold Pipeline","Alert Creation and Configuration"],"fullName":"Alert Threshold Pipeline Alert Creation and Configuration should resolve an alert","status":"passed","title":"should resolve an alert","duration":39.89921400000094,"failureMessages":[],"meta":{}},{"ancestorTitles":["Alert Threshold Pipeline","Alert Severity Levels"],"fullName":"Alert Threshold Pipeline Alert Severity Levels should handle critical severity alerts","status":"passed","title":"should handle critical severity alerts","duration":4.30392700000084,"failureMessages":[],"meta":{}},{"ancestorTitles":["Alert Threshold Pipeline","Alert Severity Levels"],"fullName":"Alert Threshold Pipeline Alert Severity Levels should handle warning severity alerts","status":"passed","title":"should handle warning severity alerts","duration":3.81183400000009,"failureMessages":[],"meta":{}},{"ancestorTitles":["Provider Quarantine Pipeline","Quarantine Status"],"fullName":"Provider Quarantine Pipeline Quarantine Status should check provider quarantine status","status":"passed","title":"should check provider quarantine status","duration":2.216139000000112,"failureMessages":[],"meta":{}},{"ancestorTitles":["Provider Quarantine Pipeline","Quarantine Status"],"fullName":"Provider Quarantine Pipeline Quarantine Status should apply quarantine to provider","status":"passed","title":"should apply quarantine to provider","duration":4.1055990000004385,"failureMessages":[],"meta":{}},{"ancestorTitles":["Provider Quarantine Pipeline","Quarantine Status"],"fullName":"Provider Quarantine Pipeline Quarantine Status should release provider from quarantine","status":"passed","title":"should release provider from quarantine","duration":4.916354000000865,"failureMessages":[],"meta":{}},{"ancestorTitles":["Provider Quarantine Pipeline","Quarantine Triggers"],"fullName":"Provider Quarantine Pipeline Quarantine Triggers should track consecutive failure count","status":"passed","title":"should track consecutive failure count","duration":6.94212300000072,"failureMessages":[],"meta":{}},{"ancestorTitles":["Provider Quarantine Pipeline","Quarantine Triggers"],"fullName":"Provider Quarantine Pipeline Quarantine Triggers should trigger quarantine after threshold exceeded","status":"passed","title":"should trigger quarantine after threshold exceeded","duration":10.566063999998732,"failureMessages":[],"meta":{}},{"ancestorTitles":["MTTD/MTTR Metrics Pipeline","Time-to-Detect Metrics"],"fullName":"MTTD/MTTR Metrics Pipeline Time-to-Detect Metrics should calculate mean time to detect","status":"passed","title":"should calculate mean time to detect","duration":8.580642000000807,"failureMessages":[],"meta":{}},{"ancestorTitles":["MTTD/MTTR Metrics Pipeline","Time-to-Detect Metrics"],"fullName":"MTTD/MTTR Metrics Pipeline Time-to-Detect Metrics should return detection latency histogram","status":"passed","title":"should return detection latency histogram","duration":6.327614000001631,"failureMessages":[],"meta":{}},{"ancestorTitles":["MTTD/MTTR Metrics Pipeline","Time-to-Resolve Metrics"],"fullName":"MTTD/MTTR Metrics Pipeline Time-to-Resolve Metrics should calculate mean time to resolve","status":"passed","title":"should calculate mean time to resolve","duration":7.070263999999952,"failureMessages":[],"meta":{}},{"ancestorTitles":["MTTD/MTTR Metrics Pipeline","Time-to-Resolve Metrics"],"fullName":"MTTD/MTTR Metrics Pipeline Time-to-Resolve Metrics should track resolution time by incident type","status":"passed","title":"should track resolution time by incident type","duration":6.536685999999463,"failureMessages":[],"meta":{}},{"ancestorTitles":["MTTD/MTTR Metrics Pipeline","Healing Metrics Aggregation"],"fullName":"MTTD/MTTR Metrics Pipeline Healing Metrics Aggregation should return aggregated healing metrics","status":"passed","title":"should return aggregated healing metrics","duration":6.607842999999775,"failureMessages":[],"meta":{}},{"ancestorTitles":["MTTD/MTTR Metrics Pipeline","Healing Metrics Aggregation"],"fullName":"MTTD/MTTR Metrics Pipeline Healing Metrics Aggregation should track success rate of auto-remediation","status":"passed","title":"should track success rate of auto-remediation","duration":6.896601999998893,"failureMessages":[],"meta":{}},{"ancestorTitles":["Failure Simulation Lifecycle Pipeline","Simulation Creation"],"fullName":"Failure Simulation Lifecycle Pipeline Simulation Creation should create failure simulation","status":"passed","title":"should create failure simulation","duration":6.25672399999894,"failureMessages":[],"meta":{}},{"ancestorTitles":["Failure Simulation Lifecycle Pipeline","Simulation Creation"],"fullName":"Failure Simulation Lifecycle Pipeline Simulation Creation should list active simulations","status":"passed","title":"should list active simulations","duration":4.959823999999571,"failureMessages":[],"meta":{}},{"ancestorTitles":["Failure Simulation Lifecycle Pipeline","Simulation Execution"],"fullName":"Failure Simulation Lifecycle Pipeline Simulation Execution should stop active simulation","status":"passed","title":"should stop active simulation","duration":5.813399999999092,"failureMessages":[],"meta":{}},{"ancestorTitles":["Failure Simulation Lifecycle Pipeline","Simulation Execution"],"fullName":"Failure Simulation Lifecycle Pipeline Simulation Execution should check simulation status","status":"passed","title":"should check simulation status","duration":6.394358999999895,"failureMessages":[],"meta":{}},{"ancestorTitles":["Failure Simulation Lifecycle Pipeline","Simulation Types"],"fullName":"Failure Simulation Lifecycle Pipeline Simulation Types should support timeout simulation","status":"passed","title":"should support timeout simulation","duration":6.051886999999624,"failureMessages":[],"meta":{}},{"ancestorTitles":["Failure Simulation Lifecycle Pipeline","Simulation Types"],"fullName":"Failure Simulation Lifecycle Pipeline Simulation Types should support rate limit simulation","status":"passed","title":"should support rate limit simulation","duration":8.83884500000022,"failureMessages":[],"meta":{}},{"ancestorTitles":["Failure Simulation Lifecycle Pipeline","Simulation Types"],"fullName":"Failure Simulation Lifecycle Pipeline Simulation Types should support error response simulation","status":"passed","title":"should support error response simulation","duration":6.439868000001297,"failureMessages":[],"meta":{}},{"ancestorTitles":["Remediation Rules Engine Pipeline","Rule Management"],"fullName":"Remediation Rules Engine Pipeline Rule Management should list all remediation rules","status":"passed","title":"should list all remediation rules","duration":6.33393199999955,"failureMessages":[],"meta":{}},{"ancestorTitles":["Remediation Rules Engine Pipeline","Rule Management"],"fullName":"Remediation Rules Engine Pipeline Rule Management should get specific remediation rule","status":"passed","title":"should get specific remediation rule","duration":6.393592000000353,"failureMessages":[],"meta":{}},{"ancestorTitles":["Remediation Rules Engine Pipeline","Rule Management"],"fullName":"Remediation Rules Engine Pipeline Rule Management should update rule configuration","status":"passed","title":"should update rule configuration","duration":6.302695999998832,"failureMessages":[],"meta":{}},{"ancestorTitles":["Remediation Rules Engine Pipeline","Rule Execution"],"fullName":"Remediation Rules Engine Pipeline Rule Execution should trigger rule manually","status":"passed","title":"should trigger rule manually","duration":7.162118999998711,"failureMessages":[],"meta":{}},{"ancestorTitles":["Remediation Rules Engine Pipeline","Rule Execution"],"fullName":"Remediation Rules Engine Pipeline Rule Execution should log rule execution history","status":"passed","title":"should log rule execution history","duration":5.865305999999691,"failureMessages":[],"meta":{}},{"ancestorTitles":["Provider Smart Routing Pipeline","Routing Decision"],"fullName":"Provider Smart Routing Pipeline Routing Decision should return provider routing order","status":"passed","title":"should return provider routing order","duration":121.29171000000133,"failureMessages":[],"meta":{}},{"ancestorTitles":["Provider Smart Routing Pipeline","Routing Decision"],"fullName":"Provider Smart Routing Pipeline Routing Decision should return image provider routing","status":"passed","title":"should return image provider routing","duration":123.76401799999985,"failureMessages":[],"meta":{}},{"ancestorTitles":["Provider Smart Routing Pipeline","Health-Based Routing"],"fullName":"Provider Smart Routing Pipeline Health-Based Routing should factor health score in routing","status":"passed","title":"should factor health score in routing","duration":157.942368,"failureMessages":[],"meta":{}},{"ancestorTitles":["Provider Smart Routing Pipeline","Health-Based Routing"],"fullName":"Provider Smart Routing Pipeline Health-Based Routing should exclude quarantined providers from routing","status":"passed","title":"should exclude quarantined providers from routing","duration":6.9298670000007405,"failureMessages":[],"meta":{}},{"ancestorTitles":["Healing Actions Log Pipeline","Action Logging"],"fullName":"Healing Actions Log Pipeline Action Logging should return healing actions history","status":"passed","title":"should return healing actions history","duration":6.102107000000615,"failureMessages":[],"meta":{}},{"ancestorTitles":["Healing Actions Log Pipeline","Action Logging"],"fullName":"Healing Actions Log Pipeline Action Logging should log new healing action","status":"passed","title":"should log new healing action","duration":7.725925999999163,"failureMessages":[],"meta":{}},{"ancestorTitles":["Healing Actions Log Pipeline","Action Analytics"],"fullName":"Healing Actions Log Pipeline Action Analytics should return action success rate","status":"passed","title":"should return action success rate","duration":6.135088999999425,"failureMessages":[],"meta":{}},{"ancestorTitles":["Healing Actions Log Pipeline","Action Analytics"],"fullName":"Healing Actions Log Pipeline Action Analytics should return actions by provider","status":"passed","title":"should return actions by provider","duration":11.985951000000568,"failureMessages":[],"meta":{}}],"startTime":1764603117999,"endTime":1764603130339.9858,"status":"passed","message":"","name":"/home/runner/workspace/tests/pipelines/self-healing-pipeline.test.ts"}]}